<?xml version="1.0" encoding="UTF-8"?>
<!-- Generated by org.testng.reporters.JUnitReportReporter -->
<testsuite hostname="DESKTOP-QUD63Q9" failures="0" tests="1" name="com.Tourism.Package.DataFromExcel" time="2.338" errors="0" timestamp="2022-12-13T11:21:17 IST" skipped="0">
  <testcase classname="com.Tourism.Package.DataFromExcel" name="dataFromExcel" time="2.338"/>
  <system-out/>
</testsuite> <!-- com.Tourism.Package.DataFromExcel -->
