<?xml version="1.0" encoding="UTF-8"?>
<!-- Generated by org.testng.reporters.JUnitReportReporter -->
<testsuite hostname="DESKTOP-QUD63Q9" failures="0" tests="1" name="Practice" time="1.942" errors="0" timestamp="2022-11-23T15:30:04 IST" skipped="0">
  <testcase classname="Practice" name="test" time="1.942"/>
  <system-out/>
</testsuite> <!-- Practice -->
