<?xml version="1.0" encoding="UTF-8"?>
<!-- Generated by org.testng.reporters.JUnitReportReporter -->
<testsuite hostname="DESKTOP-QUD63Q9" failures="0" tests="1" name="com.Tourism.OnlineTourism.Generic.MySqlUtility" time="0.549" errors="0" timestamp="2022-11-23T15:24:35 IST" skipped="0">
  <testcase classname="com.Tourism.OnlineTourism.Generic.MySqlUtility" name="readDetaFromMysql" time="0.549"/>
  <system-out/>
</testsuite> <!-- com.Tourism.OnlineTourism.Generic.MySqlUtility -->
