<?xml version="1.0" encoding="UTF-8"?>
<!-- Generated by org.testng.reporters.JUnitReportReporter -->
<testsuite hostname="DESKTOP-QUD63Q9" failures="0" tests="3" name="GenericUtility.JavaUtility" time="0.134" errors="0" timestamp="2022-12-08T17:17:25 IST" skipped="0">
  <testcase classname="GenericUtility.JavaUtility" name="generateRandomNum" time="0.017"/>
  <system-out/>
  <testcase classname="GenericUtility.JavaUtility" name="getdateTimeInDesiredFormat" time="0.069"/>
  <system-out/>
  <testcase classname="GenericUtility.JavaUtility" name="getdateTime" time="0.048"/>
  <system-out/>
</testsuite> <!-- GenericUtility.JavaUtility -->
