<?xml version="1.0" encoding="UTF-8"?>
<!-- Generated by org.testng.reporters.JUnitReportReporter -->
<testsuite hostname="DESKTOP-QUD63Q9" failures="0" tests="2" name="Practice1" time="1.491" errors="0" timestamp="2022-12-06T13:02:40 IST" skipped="0">
  <testcase classname="Practice1" name="prin" time="1.476"/>
  <system-out/>
  <testcase classname="Practice1" name="main" time="0.015"/>
  <system-out/>
</testsuite> <!-- Practice1 -->
