<?xml version="1.0" encoding="UTF-8"?>
<!-- Generated by org.testng.reporters.JUnitReportReporter -->
<testsuite hostname="DESKTOP-QUD63Q9" failures="0" tests="10" name="TestNgDataProvider" time="0.053" errors="0" timestamp="2022-12-05T20:31:19 IST" skipped="0">
  <testcase classname="TestNgDataProvider" name="test" time="0.002"/>
  <system-out/>
  <testcase classname="TestNgDataProvider" name="test" time="0.001"/>
  <system-out/>
  <testcase classname="TestNgDataProvider" name="test" time="0.004"/>
  <system-out/>
  <testcase classname="TestNgDataProvider" name="test" time="0.006"/>
  <system-out/>
  <testcase classname="TestNgDataProvider" name="test" time="0.003"/>
  <system-out/>
  <testcase classname="TestNgDataProvider" name="test" time="0.013"/>
  <system-out/>
  <testcase classname="TestNgDataProvider" name="test" time="0.004"/>
  <system-out/>
  <testcase classname="TestNgDataProvider" name="test" time="0.006"/>
  <system-out/>
  <testcase classname="TestNgDataProvider" name="test" time="0.006"/>
  <system-out/>
  <testcase classname="TestNgDataProvider" name="test" time="0.008"/>
  <system-out/>
</testsuite> <!-- TestNgDataProvider -->
