<?xml version="1.0" encoding="UTF-8"?>
<!-- Generated by org.testng.reporters.JUnitReportReporter -->
<testsuite hostname="DESKTOP-QUD63Q9" failures="0" tests="1" name="com.Tourism.OnlineTourism.Framework.Vtiger" time="9.598" errors="0" timestamp="2022-11-15T11:51:13 IST" skipped="0">
  <testcase classname="com.Tourism.OnlineTourism.Framework.Vtiger" name="login" time="9.598"/>
  <system-out/>
</testsuite> <!-- com.Tourism.OnlineTourism.Framework.Vtiger -->
