<?xml version="1.0" encoding="UTF-8"?>
<!-- Generated by org.testng.reporters.JUnitReportReporter -->
<testsuite hostname="DESKTOP-QUD63Q9" failures="0" tests="1" name="com.Tourism.OnlineTourism.Framework.UserLogin" time="40.862" errors="0" timestamp="2022-11-14T15:36:50 IST" skipped="0">
  <testcase classname="com.Tourism.OnlineTourism.Framework.UserLogin" name="Login" time="40.862"/>
  <system-out/>
</testsuite> <!-- com.Tourism.OnlineTourism.Framework.UserLogin -->
