<?xml version="1.0" encoding="UTF-8"?>
<!-- Generated by org.testng.reporters.JUnitReportReporter -->
<testsuite hostname="DESKTOP-QUD63Q9" failures="0" tests="1" name="com.Tourism.History.CreateTourHistoryTest" time="3.840" errors="0" timestamp="2022-12-09T09:50:40 IST" skipped="0">
  <testcase classname="com.Tourism.History.CreateTourHistoryTest" name="createTourHistoryTest" time="3.840"/>
  <system-out/>
</testsuite> <!-- com.Tourism.History.CreateTourHistoryTest -->
