<?xml version="1.0" encoding="UTF-8"?>
<!-- Generated by org.testng.reporters.JUnitReportReporter -->
<testsuite hostname="DESKTOP-QUD63Q9" failures="0" tests="4" name="GroupExecution" time="0.040" errors="0" timestamp="2022-12-14T22:39:49 IST" skipped="0">
  <testcase classname="GroupExecution" name="test1" time="0.032"/>
  <system-out/>
  <testcase classname="GroupExecution" name="test2" time="0.001"/>
  <system-out/>
  <testcase classname="GroupExecution" name="test" time="0.006"/>
  <system-out/>
  <testcase classname="GroupExecution" name="test3" time="0.001"/>
  <system-out/>
</testsuite> <!-- GroupExecution -->
