<?xml version="1.0" encoding="UTF-8"?>
<!-- Generated by org.testng.reporters.JUnitReportReporter -->
<testsuite hostname="DESKTOP-QUD63Q9" failures="0" tests="1" name="com.Tourism.Login.CreateLoginTest" time="4.825" errors="0" timestamp="2022-12-09T10:28:33 IST" skipped="0">
  <testcase classname="com.Tourism.Login.CreateLoginTest" name="createLoginTest" time="4.825"/>
  <system-out/>
</testsuite> <!-- com.Tourism.Login.CreateLoginTest -->
