<?xml version="1.0" encoding="UTF-8"?>
<!-- Generated by org.testng.reporters.JUnitReportReporter -->
<testsuite hostname="DESKTOP-QUD63Q9" failures="0" tests="1" name="com.Tourism.OnlineTourism.Framework.FlipkartAllProducts" time="47.488" errors="0" timestamp="2022-11-15T20:55:37 IST" skipped="0">
  <testcase classname="com.Tourism.OnlineTourism.Framework.FlipkartAllProducts" name="allProduc" time="47.488"/>
  <system-out/>
</testsuite> <!-- com.Tourism.OnlineTourism.Framework.FlipkartAllProducts -->
